0 info it worked if it ends with ok
1 verbose cli [ '/usr/bin/node', '/usr/bin/npm', 'run', 'maps' ]
2 info using npm@2.7.1
3 info using node@v0.12.0
4 verbose run-script [ 'premaps', 'maps', 'postmaps' ]
5 info premaps LG-Project@1.0.0
6 info maps LG-Project@1.0.0
7 verbose unsafe-perm in lifecycle true
8 info LG-Project@1.0.0 Failed to exec maps script
9 verbose stack Error: LG-Project@1.0.0 maps: `node src/maps/main.js`
9 verbose stack Exit status 1
9 verbose stack     at EventEmitter.<anonymous> (/usr/lib/node_modules/npm/lib/utils/lifecycle.js:213:16)
9 verbose stack     at EventEmitter.emit (events.js:110:17)
9 verbose stack     at ChildProcess.<anonymous> (/usr/lib/node_modules/npm/lib/utils/spawn.js:14:12)
9 verbose stack     at ChildProcess.emit (events.js:110:17)
9 verbose stack     at maybeClose (child_process.js:1008:16)
9 verbose stack     at Process.ChildProcess._handle.onexit (child_process.js:1080:5)
10 verbose pkgid LG-Project@1.0.0
11 verbose cwd /home/shellhead/School/linguistic-geometry/assignments/project/resources/input
12 error Linux 3.18.6-1-ARCH
13 error argv "/usr/bin/node" "/usr/bin/npm" "run" "maps"
14 error node v0.12.0
15 error npm  v2.7.1
16 error code ELIFECYCLE
17 error LG-Project@1.0.0 maps: `node src/maps/main.js`
17 error Exit status 1
18 error Failed at the LG-Project@1.0.0 maps script 'node src/maps/main.js'.
18 error This is most likely a problem with the LG-Project package,
18 error not with npm itself.
18 error Tell the author that this fails on your system:
18 error     node src/maps/main.js
18 error You can get their info via:
18 error     npm owner ls LG-Project
18 error There is likely additional logging output above.
19 verbose exit [ 1, true ]
